<?xml version="1.0" encoding="UTF-8"?>
<!-- Generated by org.testng.reporters.JUnitXMLReporter -->
<testsuite ignored="0" hostname="shravan" failures="0" tests="3" name="Default test" time="23.376" errors="0" timestamp="2022-03-07T19:09:46 IST">
  <testcase classname="testNG_testcases.Parallel_Browser" name="fb" time="8.029"/>
  <testcase classname="testNG_testcases.Parallel_Browser" name="gmail" time="7.011"/>
  <testcase classname="testNG_testcases.Parallel_Browser" name="google" time="8.272"/>
</testsuite> <!-- Default test -->
