<?xml version="1.0" encoding="UTF-8"?>
<!-- Generated by org.testng.reporters.JUnitXMLReporter -->
<testsuite hostname="shravan" ignored="1" name="Test" tests="3" failures="0" timestamp="2022-02-22T09:05:31 IST" time="51.492" errors="0">
  <testcase name="tc_1" time="27.217" classname="testNG_testcases.Demo_Retesting2"/>
  <testcase name="tc_1" time="10.166" classname="testNG_testcases.Demo_Retesting2"/>
  <testcase name="tc_4" time="14.003" classname="testNG_testcases.Demo_Retesting2"/>
  <testcase name="tc_3" time="0.0" classname="testNG_testcases.Demo_Retesting2">
    <ignored/>
  </testcase> <!-- tc_3 -->
</testsuite> <!-- Test -->
