<?xml version="1.0" encoding="UTF-8"?>
<testng-results ignored="0" total="3" passed="3" failed="0" skipped="0">
  <reporter-output>
    <line>
      <![CDATA[done]]>
    </line>
    <line>
      <![CDATA[done]]>
    </line>
    <line>
      <![CDATA[done]]>
    </line>
  </reporter-output>
  <suite started-at="2022-03-07T19:09:23 IST" name="Default suite" finished-at="2022-03-07T19:09:46 IST" duration-ms="23376">
    <groups>
    </groups>
    <test started-at="2022-03-07T19:09:23 IST" name="Default test" finished-at="2022-03-07T19:09:46 IST" duration-ms="23376">
      <class name="testNG_testcases.Parallel_Browser">
        <test-method signature="fb()[pri:0, instance:testNG_testcases.Parallel_Browser@4cc8eb05]" started-at="2022-03-07T19:09:23 IST" name="fb" finished-at="2022-03-07T19:09:31 IST" duration-ms="8029" status="PASS">
          <reporter-output>
            <line>
              <![CDATA[done]]>
            </line>
          </reporter-output>
        </test-method> <!-- fb -->
        <test-method signature="gmail()[pri:0, instance:testNG_testcases.Parallel_Browser@4cc8eb05]" started-at="2022-03-07T19:09:31 IST" name="gmail" finished-at="2022-03-07T19:09:38 IST" duration-ms="7011" status="PASS">
          <reporter-output>
            <line>
              <![CDATA[done]]>
            </line>
          </reporter-output>
        </test-method> <!-- gmail -->
        <test-method signature="google()[pri:0, instance:testNG_testcases.Parallel_Browser@4cc8eb05]" started-at="2022-03-07T19:09:38 IST" name="google" finished-at="2022-03-07T19:09:46 IST" duration-ms="8272" status="PASS">
          <reporter-output>
            <line>
              <![CDATA[done]]>
            </line>
          </reporter-output>
        </test-method> <!-- google -->
      </class> <!-- testNG_testcases.Parallel_Browser -->
    </test> <!-- Default test -->
  </suite> <!-- Default suite -->
</testng-results>
